<?xml version="1.0" encoding="UTF-8"?>
<!-- Generated by org.testng.reporters.JUnitXMLReporter -->
<testsuite ignored="0" hostname="ANIMCHNLAP297s-MacBook-Pro.local" failures="0" tests="3" name="LoginTest" time="27.721" errors="0" timestamp="2022-02-16T13:13:20 IST">
  <testcase classname="TestCases.Signup_TestCase" name="validate_the_User_is_able_to_SignUp" time="22.169"/>
  <testcase classname="TestCases.Signup_TestCase" name="validate_the_User_is_able_to_SignUp_UsingGoogle" time="0.013"/>
  <testcase classname="TestCases.Signup_TestCase" name="validate_the_User_is_able_to_Signup_UsingFacebook" time="0.004"/>
</testsuite> <!-- LoginTest -->
