<?xml version="1.0" encoding="UTF-8"?>
<!-- Generated by org.testng.reporters.JUnitXMLReporter -->
<testsuite ignored="0" hostname="ANIMCHNLAP297s-MacBook-Pro.local" failures="0" tests="20" name="LoginTest" time="55.794" errors="0" timestamp="2022-03-24T19:02:08 IST">
  <testcase classname="TestCases.Login_TestCase" name="validate_the_User_is_able_to_Login_to_an_existing_account" time="0.916"/>
  <testcase classname="TestCases.Login_TestCase" name="validate_the_User_is_able_to_View_the_Home_Page" time="6.619"/>
  <testcase classname="TestCases.Login_TestCase" name="validate_the_user_is_able_to_View_the_Menu_Options_on_Tap" time="0.005"/>
  <testcase classname="TestCases.CreateProject_TestCase" name="validate_the_User_is_able_to_Edit_the_Created_Project_FromDashboard" time="0.005"/>
  <testcase classname="TestCases.CreateProject_TestCase" name="validate_the_User_is_able_to_view_the_created_Projects_are_listed_for_an_Existing_User" time="0.003"/>
  <testcase classname="TestCases.CreateProject_TestCase" name="validate_the_user_is_able_to_Create_a_new_Project_Template" time="0.003"/>
  <testcase classname="TestCases.CreateProject_TestCase" name="validate_the_user_is_able_to_Create_a_new_blank_Project" time="2.106"/>
  <testcase classname="TestCases.AppTextModule_TestCase" name="Validate_AdminFonts_Option" time="0.008"/>
  <testcase classname="TestCases.AppTextModule_TestCase" name="Validate_DuplicateButton_text" time="0.002"/>
  <testcase classname="TestCases.AppTextModule_TestCase" name="Validate_EditText_Basetemplates_Rotate_Resize" time="45.89"/>
  <testcase classname="TestCases.AppTextModule_TestCase" name="Validate_EditText_Prebuilts_Rotate_Resize" time="0.009"/>
  <testcase classname="TestCases.AppTextModule_TestCase" name="Validate_Grouping_Different_TextElements" time="0.003"/>
  <testcase classname="TestCases.AppTextModule_TestCase" name="Validate_LockButton_text" time="0.002"/>
  <testcase classname="TestCases.AppTextModule_TestCase" name="Validate_Text_Alignment" time="0.003"/>
  <testcase classname="TestCases.AppTextModule_TestCase" name="Validate_Text_Arrangements" time="0.002"/>
  <testcase classname="TestCases.AppTextModule_TestCase" name="Validate_Text_Deletion" time="0.003"/>
  <testcase classname="TestCases.AppTextModule_TestCase" name="Validate_Text_Using_DeleteElement" time="0.003"/>
  <testcase classname="TestCases.AppTextModule_TestCase" name="Validate_Text_Using_DeleteGroup" time="0.002"/>
  <testcase classname="TestCases.AppTextModule_TestCase" name="Validate_Ungroup_TextPrebuilts" time="0.003"/>
  <testcase classname="TestCases.AppTextModule_TestCase" name="Validate_UploadFont_Section" time="0.001"/>
</testsuite> <!-- LoginTest -->
