<?xml version="1.0" encoding="UTF-8"?>
<testng-results ignored="0" total="3" passed="3" failed="0" skipped="0">
  <reporter-output>
  </reporter-output>
  <suite started-at="2022-02-16T13:12:52 IST" name="Regression" finished-at="2022-02-16T13:13:20 IST" duration-ms="27721">
    <groups>
    </groups>
    <test started-at="2022-02-16T13:12:52 IST" name="LoginTest" finished-at="2022-02-16T13:13:20 IST" duration-ms="27721">
      <class name="TestCases.Signup_TestCase">
        <test-method is-config="true" signature="setup(java.lang.String,java.lang.String)[pri:0, instance:TestCases.Signup_TestCase@1115ec15]" started-at="2022-02-16T13:12:52 IST" name="setup" finished-at="2022-02-16T13:12:57 IST" duration-ms="4886" status="PASS">
          <params>
            <param index="0">
              <value>
                <![CDATA[FireFox]]>
              </value>
            </param>
            <param index="1">
              <value>
                <![CDATA[dev]]>
              </value>
            </param>
          </params>
          <reporter-output>
          </reporter-output>
        </test-method> <!-- setup -->
        <test-method signature="validate_the_User_is_able_to_SignUp()[pri:0, instance:TestCases.Signup_TestCase@1115ec15]" started-at="2022-02-16T13:12:57 IST" name="validate_the_User_is_able_to_SignUp" finished-at="2022-02-16T13:13:19 IST" duration-ms="22169" status="PASS">
          <reporter-output>
          </reporter-output>
        </test-method> <!-- validate_the_User_is_able_to_SignUp -->
        <test-method signature="validate_the_User_is_able_to_SignUp_UsingGoogle()[pri:0, instance:TestCases.Signup_TestCase@1115ec15]" started-at="2022-02-16T13:13:19 IST" name="validate_the_User_is_able_to_SignUp_UsingGoogle" finished-at="2022-02-16T13:13:19 IST" duration-ms="13" status="PASS">
          <reporter-output>
          </reporter-output>
        </test-method> <!-- validate_the_User_is_able_to_SignUp_UsingGoogle -->
        <test-method signature="validate_the_User_is_able_to_Signup_UsingFacebook()[pri:0, instance:TestCases.Signup_TestCase@1115ec15]" started-at="2022-02-16T13:13:19 IST" name="validate_the_User_is_able_to_Signup_UsingFacebook" finished-at="2022-02-16T13:13:19 IST" duration-ms="4" status="PASS">
          <reporter-output>
          </reporter-output>
        </test-method> <!-- validate_the_User_is_able_to_Signup_UsingFacebook -->
        <test-method is-config="true" signature="browserClose()[pri:0, instance:TestCases.Signup_TestCase@1115ec15]" started-at="2022-02-16T13:13:19 IST" name="browserClose" finished-at="2022-02-16T13:13:20 IST" duration-ms="490" status="PASS">
          <reporter-output>
          </reporter-output>
        </test-method> <!-- browserClose -->
      </class> <!-- TestCases.Signup_TestCase -->
    </test> <!-- LoginTest -->
  </suite> <!-- Regression -->
</testng-results>
